A51 MACRO ASSEMBLER  PJ                                                                   05/06/2021 17:00:35 PAGE     1


MACRO ASSEMBLER A51 V8.2.7.0
OBJECT MODULE PLACED IN .\Objects\pj.obj
ASSEMBLER INVOKED BY: F:\C51\BIN\A51.EXE pj.asm SET(SMALL) DEBUG PRINT(.\Listings\pj.lst) OBJECT(.\Objects\pj.obj) EP

LOC  OBJ            LINE     SOURCE

0000                   1     ORG 00
0000 75890A            2             MOV TMOD,#10 
0003 758BFE            3     HERE:   MOV TL1,#0FEH 
0006 758DA5            4             MOV TH1,#0A5H 
0009 B2A0              5             CPL P2.0
000B B2A1              6             CPL P2.1
000D B2A2              7             CPL P2.2
000F B2A3              8             CPL P2.3
0011 B2A4              9             CPL P2.4
0013 B2A5             10             CPL P2.5
0015 B2A6             11             CPL P2.6
0017 B2A7             12             CPL P2.7
0019 111D             13     ACALL   DELAY
001B 80E6             14     SJMP     HERE   
001D                  15     DELAY:
001D D28E             16             SETB TR1
001F 308FFD           17     AGAIN:  JNB TF1,AGAIN 
0022 C28E             18             CLR TR1 
0024 C28F             19             CLR TF1 
0026 22               20             RET
                      21             END
A51 MACRO ASSEMBLER  PJ                                                                   05/06/2021 17:00:35 PAGE     2

SYMBOL TABLE LISTING
------ ----- -------


N A M E             T Y P E  V A L U E   ATTRIBUTES

AGAIN. . . . . . .  C ADDR   001FH   A   
DELAY. . . . . . .  C ADDR   001DH   A   
HERE . . . . . . .  C ADDR   0003H   A   
P2 . . . . . . . .  D ADDR   00A0H   A   
TF1. . . . . . . .  B ADDR   0088H.7 A   
TH1. . . . . . . .  D ADDR   008DH   A   
TL1. . . . . . . .  D ADDR   008BH   A   
TMOD . . . . . . .  D ADDR   0089H   A   
TR1. . . . . . . .  B ADDR   0088H.6 A   


REGISTER BANK(S) USED: 0 


ASSEMBLY COMPLETE.  0 WARNING(S), 0 ERROR(S)
